<?xml version="1.0" encoding="UTF-8"?>
<!-- Generated by org.testng.reporters.JUnitReportReporter -->
<testsuite skipped="0" hostname="DESKTOP-BH83J23" name="com.orangehrmlive.DataProviderTest" tests="2" failures="0" timestamp="05 Nov 2020 03:17:36 GMT" time="36.068" errors="0">
  <testcase name="dt" time="15.182" classname="com.orangehrmlive.DataProviderTest"/>
  <testcase name="dt" time="20.886" classname="com.orangehrmlive.DataProviderTest"/>
</testsuite> <!-- com.orangehrmlive.DataProviderTest -->
