<?xml version="1.0" encoding="UTF-8"?>
<!-- Generated by org.testng.reporters.JUnitReportReporter -->
<testsuite skipped="0" hostname="DESKTOP-BH83J23" name="com.orangehrmlive.XmlTest2" tests="1" failures="0" timestamp="04 Nov 2020 07:04:16 GMT" time="20.168" errors="0">
  <testcase name="paraTest2" time="20.168" classname="com.orangehrmlive.XmlTest2"/>
</testsuite> <!-- com.orangehrmlive.XmlTest2 -->
