<?xml version="1.0" encoding="UTF-8"?>
<!-- Generated by org.testng.reporters.JUnitReportReporter -->
<testsuite skipped="0" hostname="DESKTOP-BH83J23" name="com.orangehrmlive.GroupTest" tests="4" failures="0" timestamp="05 Nov 2020 03:49:22 GMT" time="0.017" errors="0">
  <testcase name="leavemodule1" time="0.000" classname="com.orangehrmlive.GroupTest"/>
  <testcase name="adminmodule1" time="0.000" classname="com.orangehrmlive.GroupTest"/>
  <testcase name="leavemodule2" time="0.001" classname="com.orangehrmlive.GroupTest"/>
  <testcase name="adminmodule2" time="0.016" classname="com.orangehrmlive.GroupTest"/>
</testsuite> <!-- com.orangehrmlive.GroupTest -->
