<?xml version="1.0" encoding="UTF-8"?>
<!-- Generated by org.testng.reporters.JUnitReportReporter -->
<testsuite skipped="0" hostname="DESKTOP-BH83J23" name="com.orangehrmlive.GroupTest" tests="4" failures="0" timestamp="07 Dec 2020 20:35:55 GMT" time="0.002" errors="0">
  <testcase name="adminmodule1" time="0.000" classname="com.orangehrmlive.GroupTest"/>
  <testcase name="adminmodule2" time="0.001" classname="com.orangehrmlive.GroupTest"/>
  <testcase name="leavemodule1" time="0.001" classname="com.orangehrmlive.GroupTest"/>
  <testcase name="leavemodule2" time="0.000" classname="com.orangehrmlive.GroupTest"/>
</testsuite> <!-- com.orangehrmlive.GroupTest -->
